0 info it worked if it ends with ok
1 verbose cli [ '/Users/yuta/.nvm/versions/node/v4.3.1/bin/node',
1 verbose cli   '/Users/yuta/.nvm/versions/node/v4.3.1/bin/npm',
1 verbose cli   'run',
1 verbose cli   'supervisor' ]
2 info using npm@2.14.12
3 info using node@v4.3.1
4 verbose run-script [ 'presupervisor', 'supervisor', 'postsupervisor' ]
5 info presupervisor backend@0.0.0
6 info supervisor backend@0.0.0
7 verbose unsafe-perm in lifecycle true
8 info backend@0.0.0 Failed to exec supervisor script
9 verbose stack Error: backend@0.0.0 supervisor: `supervisor node ./bin/www`
9 verbose stack Exit status 1
9 verbose stack     at EventEmitter.<anonymous> (/Users/yuta/.nvm/versions/node/v4.3.1/lib/node_modules/npm/lib/utils/lifecycle.js:214:16)
9 verbose stack     at emitTwo (events.js:87:13)
9 verbose stack     at EventEmitter.emit (events.js:172:7)
9 verbose stack     at ChildProcess.<anonymous> (/Users/yuta/.nvm/versions/node/v4.3.1/lib/node_modules/npm/lib/utils/spawn.js:24:14)
9 verbose stack     at emitTwo (events.js:87:13)
9 verbose stack     at ChildProcess.emit (events.js:172:7)
9 verbose stack     at maybeClose (internal/child_process.js:821:16)
9 verbose stack     at Process.ChildProcess._handle.onexit (internal/child_process.js:211:5)
10 verbose pkgid backend@0.0.0
11 verbose cwd /Users/yuta/apps/angular2-webpack-preboot/backend
12 error Darwin 14.5.0
13 error argv "/Users/yuta/.nvm/versions/node/v4.3.1/bin/node" "/Users/yuta/.nvm/versions/node/v4.3.1/bin/npm" "run" "supervisor"
14 error node v4.3.1
15 error npm  v2.14.12
16 error code ELIFECYCLE
17 error backend@0.0.0 supervisor: `supervisor node ./bin/www`
17 error Exit status 1
18 error Failed at the backend@0.0.0 supervisor script 'supervisor node ./bin/www'.
18 error This is most likely a problem with the backend package,
18 error not with npm itself.
18 error Tell the author that this fails on your system:
18 error     supervisor node ./bin/www
18 error You can get their info via:
18 error     npm owner ls backend
18 error There is likely additional logging output above.
19 verbose exit [ 1, true ]
